<?xml version="1.0" encoding="UTF-8"?>
<!-- Generated by org.testng.reporters.JUnitReportReporter -->
<testsuite hostname="LAPTOP-B17B4A37" failures="0" tests="5" name="testNG_Flipkart01.Flipkart_testNG_Home" time="-1654496128.000" errors="1" timestamp="2022-06-06T11:46:59 IST" skipped="4">
  <testcase classname="testNG_Flipkart01.Flipkart_testNG_Home" name="mychats" time="0.000">
    <skipped/>
  </testcase> <!-- mychats -->
  <system-out/>
  <testcase classname="testNG_Flipkart01.Flipkart_testNG_Home" name="myProfile" time="0.000">
    <skipped/>
  </testcase> <!-- myProfile -->
  <system-out/>
  <testcase classname="testNG_Flipkart01.Flipkart_testNG_Home" name="wishlist" time="0.000">
    <skipped/>
  </testcase> <!-- wishlist -->
  <system-out/>
  <testcase classname="testNG_Flipkart01.Flipkart_testNG_Home" name="browserLaunch" time="-1654496128.000">
    <error message="
Parameter &#039;browserName&#039; is required by BeforeTest on method browserLaunch but has not been marked @Optional or defined
in C:\Users\ADMIN\AppData\Local\Temp\testng-eclipse-254495698\testng-customsuite.xml" type="org.testng.TestNGException">
      <![CDATA[org.testng.TestNGException: 
Parameter 'browserName' is required by BeforeTest on method browserLaunch but has not been marked @Optional or defined
in C:\Users\ADMIN\AppData\Local\Temp\testng-eclipse-254495698\testng-customsuite.xml
at org.testng.internal.Parameters.createParams(Parameters.java:270)
at org.testng.internal.Parameters.createParametersForMethod(Parameters.java:358)
at org.testng.internal.Parameters.createParameters(Parameters.java:700)
at org.testng.internal.Parameters.createConfigurationParameters(Parameters.java:168)
at org.testng.internal.ConfigInvoker.invokeConfigurations(ConfigInvoker.java:302)
at org.testng.TestRunner.invokeTestConfigurations(TestRunner.java:637)
at org.testng.TestRunner.beforeRun(TestRunner.java:627)
at org.testng.TestRunner.run(TestRunner.java:589)
at org.testng.SuiteRunner.runTest(SuiteRunner.java:377)
at org.testng.SuiteRunner.runSequentially(SuiteRunner.java:371)
at org.testng.SuiteRunner.privateRun(SuiteRunner.java:332)
at org.testng.SuiteRunner.run(SuiteRunner.java:276)
at org.testng.SuiteRunnerWorker.runSuite(SuiteRunnerWorker.java:53)
at org.testng.SuiteRunnerWorker.run(SuiteRunnerWorker.java:96)
at org.testng.TestNG.runSuitesSequentially(TestNG.java:1212)
at org.testng.TestNG.runSuitesLocally(TestNG.java:1134)
at org.testng.TestNG.runSuites(TestNG.java:1063)
at org.testng.TestNG.run(TestNG.java:1031)
at org.testng.remote.AbstractRemoteTestNG.run(AbstractRemoteTestNG.java:115)
at org.testng.remote.RemoteTestNG.initAndRun(RemoteTestNG.java:251)
at org.testng.remote.RemoteTestNG.main(RemoteTestNG.java:77)
]]>
    </error>
  </testcase> <!-- browserLaunch -->
  <system-out/>
  <testcase classname="testNG_Flipkart01.Flipkart_testNG_Home" name="orders" time="0.000">
    <skipped/>
  </testcase> <!-- orders -->
  <system-out/>
</testsuite> <!-- testNG_Flipkart01.Flipkart_testNG_Home -->
