<?xml version="1.0" encoding="UTF-8"?>
<!-- Generated by org.testng.reporters.JUnitXMLReporter -->
<testsuite ignored="0" hostname="LAPTOP-B17B4A37" failures="0" tests="3" name="ChromeTest" time="94.041" errors="0" timestamp="2022-06-06T11:48:56 IST">
  <testcase classname="testClasses.VerifyHeadersFbTestNg" name="@AfterMethod logOut" time="11.055">
    <failure type="org.openqa.selenium.NoSuchElementException" message="no such element: Unable to locate element: {&amp;quot;method&amp;quot;:&amp;quot;xpath&amp;quot;,&amp;quot;selector&amp;quot;:&amp;quot;//div[@class=&amp;apos;j83agx80 l9j0dhe7 gl4o1x5y lt9micmv&amp;apos;]&amp;quot;}
  (Session info: MicrosoftEdge=102.0.1245.33)
For documentation on this error, please visit: https://www.seleniumhq.org/exceptions/no_such_element.html
Build info: version: &amp;apos;3.141.59&amp;apos;, revision: &amp;apos;e82be7d358&amp;apos;, time: &amp;apos;2018-11-14T08:17:03&amp;apos;
System info: host: &amp;apos;LAPTOP-B17B4A37&amp;apos;, ip: &amp;apos;192.168.29.34&amp;apos;, os.name: &amp;apos;Windows 10&amp;apos;, os.arch: &amp;apos;amd64&amp;apos;, os.version: &amp;apos;10.0&amp;apos;, java.version: &amp;apos;17.0.2&amp;apos;
Driver info: org.openqa.selenium.edge.EdgeDriver
Capabilities {acceptInsecureCerts: false, browserName: msedge, browserVersion: 102.0.1245.33, javascriptEnabled: true, ms:edgeOptions: {debuggerAddress: localhost:59172}, msedge: {msedgedriverVersion: 101.0.1210.53 (019dbf6dd738..., userDataDir: C:\Users\ADMIN\AppData\Loca...}, networkConnectionEnabled: false, pageLoadStrategy: normal, platform: WINDOWS, platformName: WINDOWS, proxy: Proxy(), setWindowRect: true, strictFileInteractability: false, timeouts: {implicit: 0, pageLoad: 300000, script: 30000}, unhandledPromptBehavior: dismiss and notify, webauthn:extension:credBlob: true, webauthn:extension:largeBlob: true, webauthn:virtualAuthenticators: true}
Session ID: e8f4fec71a9766027177edfa0db31056
*** Element info: {Using=xpath, value=//div[@class=&amp;apos;j83agx80 l9j0dhe7 gl4o1x5y lt9micmv&amp;apos;]}">
      <![CDATA[org.openqa.selenium.NoSuchElementException: no such element: Unable to locate element: {"method":"xpath","selector":"//div[@class='j83agx80 l9j0dhe7 gl4o1x5y lt9micmv']"}
  (Session info: MicrosoftEdge=102.0.1245.33)
For documentation on this error, please visit: https://www.seleniumhq.org/exceptions/no_such_element.html
Build info: version: '3.141.59', revision: 'e82be7d358', time: '2018-11-14T08:17:03'
System info: host: 'LAPTOP-B17B4A37', ip: '192.168.29.34', os.name: 'Windows 10', os.arch: 'amd64', os.version: '10.0', java.version: '17.0.2'
Driver info: org.openqa.selenium.edge.EdgeDriver
Capabilities {acceptInsecureCerts: false, browserName: msedge, browserVersion: 102.0.1245.33, javascriptEnabled: true, ms:edgeOptions: {debuggerAddress: localhost:59172}, msedge: {msedgedriverVersion: 101.0.1210.53 (019dbf6dd738..., userDataDir: C:\Users\ADMIN\AppData\Loca...}, networkConnectionEnabled: false, pageLoadStrategy: normal, platform: WINDOWS, platformName: WINDOWS, proxy: Proxy(), setWindowRect: true, strictFileInteractability: false, timeouts: {implicit: 0, pageLoad: 300000, script: 30000}, unhandledPromptBehavior: dismiss and notify, webauthn:extension:credBlob: true, webauthn:extension:largeBlob: true, webauthn:virtualAuthenticators: true}
Session ID: e8f4fec71a9766027177edfa0db31056
*** Element info: {Using=xpath, value=//div[@class='j83agx80 l9j0dhe7 gl4o1x5y lt9micmv']}
at org.openqa.selenium.remote.http.W3CHttpResponseCodec.createException(W3CHttpResponseCodec.java:187)
at org.openqa.selenium.remote.http.W3CHttpResponseCodec.decode(W3CHttpResponseCodec.java:122)
at org.openqa.selenium.remote.http.W3CHttpResponseCodec.decode(W3CHttpResponseCodec.java:49)
at org.openqa.selenium.remote.HttpCommandExecutor.execute(HttpCommandExecutor.java:158)
at org.openqa.selenium.remote.service.DriverCommandExecutor.execute(DriverCommandExecutor.java:83)
at org.openqa.selenium.remote.RemoteWebDriver.execute(RemoteWebDriver.java:552)
at org.openqa.selenium.remote.RemoteWebDriver.findElement(RemoteWebDriver.java:323)
at org.openqa.selenium.remote.RemoteWebDriver.findElementByXPath(RemoteWebDriver.java:428)
at org.openqa.selenium.By$ByXPath.findElement(By.java:353)
at org.openqa.selenium.remote.RemoteWebDriver.findElement(RemoteWebDriver.java:315)
at org.openqa.selenium.support.pagefactory.DefaultElementLocator.findElement(DefaultElementLocator.java:69)
at org.openqa.selenium.support.pagefactory.internal.LocatingElementHandler.invoke(LocatingElementHandler.java:38)
at jdk.proxy2/jdk.proxy2.$Proxy17.click(Unknown Source)
at pomClasessFB.HomePageFB.clickOnLogout(HomePageFB.java:66)
at testClasses.VerifyHeadersFbTestNg.logOut(VerifyHeadersFbTestNg.java:155)
at java.base/java.util.ArrayList.forEach(ArrayList.java:1511)
at java.base/java.util.concurrent.FutureTask.run(FutureTask.java:264)
at java.base/java.util.concurrent.ThreadPoolExecutor.runWorker(ThreadPoolExecutor.java:1136)
at java.base/java.util.concurrent.ThreadPoolExecutor$Worker.run(ThreadPoolExecutor.java:635)
at java.base/java.lang.Thread.run(Thread.java:833)
... Removed 28 stack frames]]>
    </failure>
  </testcase> <!-- @AfterMethod logOut -->
  <testcase classname="testClasses.VerifyHeadersFbTestNg" name="@BeforeMethod loginPage" time="-1.654496275649E9">
    <skipped/>
  </testcase> <!-- @BeforeMethod loginPage -->
  <testcase classname="testClasses.VerifyHeadersFbTestNg" name="@AfterMethod logOut" time="-1.654496275658E9">
    <skipped/>
  </testcase> <!-- @AfterMethod logOut -->
  <testcase classname="testClasses.VerifyHeadersFbTestNg" name="@BeforeMethod loginPage" time="-1.654496275662E9">
    <skipped/>
  </testcase> <!-- @BeforeMethod loginPage -->
  <testcase classname="testClasses.VerifyHeadersFbTestNg" name="@AfterMethod logOut" time="-1.654496275669E9">
    <skipped/>
  </testcase> <!-- @AfterMethod logOut -->
  <testcase classname="testClasses.VerifyHeadersFbTestNg" name="@AfterClass clearObject" time="-1.654496275672E9">
    <skipped/>
  </testcase> <!-- @AfterClass clearObject -->
  <testcase classname="testClasses.VerifyHeadersFbTestNg" name="@AfterTest closeBrowser" time="-1.654496275675E9">
    <skipped/>
  </testcase> <!-- @AfterTest closeBrowser -->
  <testcase classname="testClasses.VerifyHeadersFbTestNg" name="testclassInbocOn_Off" time="13.865"/>
  <testcase classname="testClasses.VerifyHeadersFbTestNg" name="testclassMarket" time="9.757"/>
  <testcase classname="testClasses.VerifyHeadersFbTestNg" name="testclassGaming" time="10.823"/>
</testsuite> <!-- ChromeTest -->
