<?xml version="1.0" encoding="UTF-8"?>
<!-- Generated by org.testng.reporters.JUnitXMLReporter -->
<testsuite ignored="0" hostname="LAPTOP-B17B4A37" failures="0" tests="7" name="FireFoxTest" time="71.662" errors="0" timestamp="2022-05-30T23:27:51 IST">
  <testcase classname="testNG_Flipkart01.Flipkart_testNG_Home" name="@AfterMethod logOut" time="11.199">
    <failure type="org.openqa.selenium.NoSuchElementException" message="no such element: Unable to locate element: {&amp;quot;method&amp;quot;:&amp;quot;xpath&amp;quot;,&amp;quot;selector&amp;quot;:&amp;quot;//div[text()=&amp;apos;Logout&amp;apos;]&amp;quot;}
  (Session info: chrome=102.0.5005.63)
For documentation on this error, please visit: https://www.seleniumhq.org/exceptions/no_such_element.html
Build info: version: &amp;apos;3.141.59&amp;apos;, revision: &amp;apos;e82be7d358&amp;apos;, time: &amp;apos;2018-11-14T08:17:03&amp;apos;
System info: host: &amp;apos;LAPTOP-B17B4A37&amp;apos;, ip: &amp;apos;192.168.29.35&amp;apos;, os.name: &amp;apos;Windows 10&amp;apos;, os.arch: &amp;apos;amd64&amp;apos;, os.version: &amp;apos;10.0&amp;apos;, java.version: &amp;apos;17.0.2&amp;apos;
Driver info: org.openqa.selenium.chrome.ChromeDriver
Capabilities {acceptInsecureCerts: false, browserName: chrome, browserVersion: 102.0.5005.63, chrome: {chromedriverVersion: 102.0.5005.61 (0e59bcc00cc4..., userDataDir: C:\Users\ADMIN\AppData\Loca...}, goog:chromeOptions: {debuggerAddress: localhost:62733}, javascriptEnabled: true, networkConnectionEnabled: false, pageLoadStrategy: normal, platform: WINDOWS, platformName: WINDOWS, proxy: Proxy(), setWindowRect: true, strictFileInteractability: false, timeouts: {implicit: 0, pageLoad: 300000, script: 30000}, unhandledPromptBehavior: dismiss and notify, webauthn:extension:credBlob: true, webauthn:extension:largeBlob: true, webauthn:virtualAuthenticators: true}
Session ID: 4cddd5285470b51e62b09dfc6d008553
*** Element info: {Using=xpath, value=//div[text()=&amp;apos;Logout&amp;apos;]}">
      <![CDATA[org.openqa.selenium.NoSuchElementException: no such element: Unable to locate element: {"method":"xpath","selector":"//div[text()='Logout']"}
  (Session info: chrome=102.0.5005.63)
For documentation on this error, please visit: https://www.seleniumhq.org/exceptions/no_such_element.html
Build info: version: '3.141.59', revision: 'e82be7d358', time: '2018-11-14T08:17:03'
System info: host: 'LAPTOP-B17B4A37', ip: '192.168.29.35', os.name: 'Windows 10', os.arch: 'amd64', os.version: '10.0', java.version: '17.0.2'
Driver info: org.openqa.selenium.chrome.ChromeDriver
Capabilities {acceptInsecureCerts: false, browserName: chrome, browserVersion: 102.0.5005.63, chrome: {chromedriverVersion: 102.0.5005.61 (0e59bcc00cc4..., userDataDir: C:\Users\ADMIN\AppData\Loca...}, goog:chromeOptions: {debuggerAddress: localhost:62733}, javascriptEnabled: true, networkConnectionEnabled: false, pageLoadStrategy: normal, platform: WINDOWS, platformName: WINDOWS, proxy: Proxy(), setWindowRect: true, strictFileInteractability: false, timeouts: {implicit: 0, pageLoad: 300000, script: 30000}, unhandledPromptBehavior: dismiss and notify, webauthn:extension:credBlob: true, webauthn:extension:largeBlob: true, webauthn:virtualAuthenticators: true}
Session ID: 4cddd5285470b51e62b09dfc6d008553
*** Element info: {Using=xpath, value=//div[text()='Logout']}
at org.openqa.selenium.remote.http.W3CHttpResponseCodec.createException(W3CHttpResponseCodec.java:187)
at org.openqa.selenium.remote.http.W3CHttpResponseCodec.decode(W3CHttpResponseCodec.java:122)
at org.openqa.selenium.remote.http.W3CHttpResponseCodec.decode(W3CHttpResponseCodec.java:49)
at org.openqa.selenium.remote.HttpCommandExecutor.execute(HttpCommandExecutor.java:158)
at org.openqa.selenium.remote.service.DriverCommandExecutor.execute(DriverCommandExecutor.java:83)
at org.openqa.selenium.remote.RemoteWebDriver.execute(RemoteWebDriver.java:552)
at org.openqa.selenium.remote.RemoteWebDriver.findElement(RemoteWebDriver.java:323)
at org.openqa.selenium.remote.RemoteWebDriver.findElementByXPath(RemoteWebDriver.java:428)
at org.openqa.selenium.By$ByXPath.findElement(By.java:353)
at org.openqa.selenium.remote.RemoteWebDriver.findElement(RemoteWebDriver.java:315)
at org.openqa.selenium.support.pagefactory.DefaultElementLocator.findElement(DefaultElementLocator.java:69)
at org.openqa.selenium.support.pagefactory.internal.LocatingElementHandler.invoke(LocatingElementHandler.java:38)
at jdk.proxy2/jdk.proxy2.$Proxy14.click(Unknown Source)
at pOmClass_Flipkart.LogoutFlipkart.clikonLOgOut(LogoutFlipkart.java:39)
at testNG_Flipkart01.Flipkart_testNG_Home.logOut(Flipkart_testNG_Home.java:168)
at java.base/java.util.ArrayList.forEach(ArrayList.java:1511)
... Removed 37 stack frames]]>
    </failure>
  </testcase> <!-- @AfterMethod logOut -->
  <testcase classname="testNG_Flipkart01.Flipkart_testNG_Home" name="@BeforeMethod login" time="-1.653933471685E9">
    <skipped/>
  </testcase> <!-- @BeforeMethod login -->
  <testcase classname="testNG_Flipkart01.Flipkart_testNG_Home" name="@AfterMethod logOut" time="-1.65393347169E9">
    <skipped/>
  </testcase> <!-- @AfterMethod logOut -->
  <testcase classname="testNG_Flipkart01.Flipkart_testNG_Home" name="@BeforeMethod login" time="-1.653933471692E9">
    <skipped/>
  </testcase> <!-- @BeforeMethod login -->
  <testcase classname="testNG_Flipkart01.Flipkart_testNG_Home" name="@AfterMethod logOut" time="-1.653933471694E9">
    <skipped/>
  </testcase> <!-- @AfterMethod logOut -->
  <testcase classname="testNG_Flipkart01.Flipkart_testNG_Home" name="@BeforeMethod login" time="-1.653933471695E9">
    <skipped/>
  </testcase> <!-- @BeforeMethod login -->
  <testcase classname="testNG_Flipkart01.Flipkart_testNG_Home" name="@AfterMethod logOut" time="-1.653933471697E9">
    <skipped/>
  </testcase> <!-- @AfterMethod logOut -->
  <testcase classname="testNG_Flipkart01.Flipkart_testNG_Home" name="@AfterClass closeBrowser" time="-1.653933471697E9">
    <skipped/>
  </testcase> <!-- @AfterClass closeBrowser -->
  <testcase classname="testClasses.VerifyHeadersFbTestNg" name="testclassInbocOn_Off" time="6.444"/>
  <testcase classname="testClasses.VerifyHeadersFbTestNg" name="testclassMarket" time="4.554"/>
  <testcase classname="testClasses.VerifyHeadersFbTestNg" name="testclassGaming" time="4.209"/>
  <testcase classname="testNG_Flipkart01.Flipkart_testNG_Home" name="myProfile" time="11.238"/>
  <testcase classname="testNG_Flipkart01.Flipkart_testNG_Home" name="mychats" time="0.0">
    <skipped/>
  </testcase> <!-- mychats -->
  <testcase classname="testNG_Flipkart01.Flipkart_testNG_Home" name="orders" time="0.0">
    <skipped/>
  </testcase> <!-- orders -->
  <testcase classname="testNG_Flipkart01.Flipkart_testNG_Home" name="wishlist" time="0.0">
    <skipped/>
  </testcase> <!-- wishlist -->
</testsuite> <!-- FireFoxTest -->
